<?xml version="1.0" encoding="UTF-8"?>
<!-- Generated by org.testng.reporters.JUnitXMLReporter -->
<testsuite hostname="LAPTOP-BSACHMR9" ignored="0" name="ChromeTest" tests="1" failures="1" timestamp="2021-02-21T19:46:56 GMT" time="0.034" errors="0">
  <testcase name="TestValidLogin" time="0.0" classname="loginPage.VerifyLogin">
    <failure type="org.testng.TestNGException" message="
Parameter &amp;apos;browserName&amp;apos; is required by @Test on method TestValidLogin but has not been marked @Optional or defined
in C:\Users\Francis\Downloads\eclipse-java-photon-R-win32-x86_64\eclipse\HLTechnical Task\Herokuapp\testng.xml\verifylogin\testng.xml">
      <![CDATA[org.testng.TestNGException: 
Parameter 'browserName' is required by @Test on method TestValidLogin but has not been marked @Optional or defined
in C:\Users\Francis\Downloads\eclipse-java-photon-R-win32-x86_64\eclipse\HLTechnical Task\Herokuapp\testng.xml\verifylogin\testng.xml
at java.util.ArrayList.forEach(Unknown Source)
... Removed 26 stack frames]]>
    </failure>
  </testcase> <!-- TestValidLogin -->
</testsuite> <!-- ChromeTest -->
